<?xml version="1.0" encoding="UTF-8"?>
<testsuite xmlns:xsi="http://www.w3.org/2001/XMLSchema-instance" xsi:noNamespaceSchemaLocation="https://maven.apache.org/surefire/maven-surefire-plugin/xsd/surefire-test-report-3.0.xsd" version="3.0" name="com.hazinlab.gestortareasbackend.GestorTareasBackendApplicationTests" time="9.298" tests="1" errors="0" skipped="0" failures="0">
  <properties>
[...]
</properties>
  <testcase name="contextLoads" classname="com.hazinlab.gestortareasbackend.GestorTareasBackendApplicationTests" time="1.707">
    <system-out><![CDATA[23:22:31.919 [main] INFO org.springframework.test.context.support.AnnotationConfigContextLoaderUtils -- Could not detect default configuration classes for test class [com.hazinlab.gestortareasbackend.GestorTareasBackendApplicationTests]: GestorTareasBackendApplicationTests does not declare any static, non-private, non-final, nested classes annotated with @Configuration.
23:22:32.231 [main] INFO org.springframework.boot.test.context.SpringBootTestContextBootstrapper -- Found @SpringBootConfiguration com.hazinlab.gestortareasbackend.GestorTareasBackendApplication for test class com.hazinlab.gestortareasbackend.GestorTareasBackendApplicationTests

  .   ____          _            __ _ _
 /\\ / ___'_ __ _ _(_)_ __  __ _ \ \ \ \
( ( )\___ | '_ | '_| | '_ \/ _` | \ \ \ \
 \\/  ___)| |_)| | | | | || (_| |  ) ) ) )
  '  |____| .__|_| |_|_| |_\__, | / / / /
 =========|_|==============|___/=/_/_/_/

 :: Spring Boot ::                (v3.3.4)

2024-10-02T23:22:33.274-05:00  INFO 9712 --- [GestorTareasBackend] [           main] .h.g.GestorTareasBackendApplicationTests : Starting GestorTareasBackendApplicationTests using Java 21.0.1 with PID 9712 (started by diego in D:\Documentos\Universdiad\GitHub\CVDSLAB5\GestorTareasBackend\gestortareasbackend\gestortareasbackend)
2024-10-02T23:22:33.278-05:00  INFO 9712 --- [GestorTareasBackend] [           main] .h.g.GestorTareasBackendApplicationTests : No active profile set, falling back to 1 default profile: "default"
2024-10-02T23:22:35.006-05:00  INFO 9712 --- [GestorTareasBackend] [           main] .s.d.r.c.RepositoryConfigurationDelegate : Bootstrapping Spring Data MongoDB repositories in DEFAULT mode.
2024-10-02T23:22:35.118-05:00  INFO 9712 --- [GestorTareasBackend] [           main] .s.d.r.c.RepositoryConfigurationDelegate : Finished Spring Data repository scanning in 99 ms. Found 1 MongoDB repository interface.
2024-10-02T23:22:36.507-05:00  INFO 9712 --- [GestorTareasBackend] [           main] org.mongodb.driver.client                : MongoClient with metadata {"application": {"name": "GestorTareas"}, "driver": {"name": "mongo-java-driver|sync|spring-boot", "version": "5.0.1"}, "os": {"type": "Windows", "name": "Windows 11", "architecture": "amd64", "version": "10.0"}, "platform": "Java/Oracle Corporation/21.0.1+12-LTS-29"} created with settings MongoClientSettings{readPreference=primary, writeConcern=WriteConcern{w=majority, wTimeout=null ms, journal=null}, retryWrites=true, retryReads=true, readConcern=ReadConcern{level=null}, credential=MongoCredential{mechanism=null, userName='diegochicuazuque', source='admin', password=<hidden>, mechanismProperties=<hidden>}, transportSettings=null, commandListeners=[io.micrometer.core.instrument.binder.mongodb.MongoMetricsCommandListener@5c960f64], codecRegistry=ProvidersCodecRegistry{codecProviders=[ValueCodecProvider{}, BsonValueCodecProvider{}, DBRefCodecProvider{}, DBObjectCodecProvider{}, DocumentCodecProvider{}, CollectionCodecProvider{}, IterableCodecProvider{}, MapCodecProvider{}, GeoJsonCodecProvider{}, GridFSFileCodecProvider{}, Jsr310CodecProvider{}, JsonObjectCodecProvider{}, BsonCodecProvider{}, EnumCodecProvider{}, com.mongodb.client.model.mql.ExpressionCodecProvider@2f307fcc, com.mongodb.Jep395RecordCodecProvider@3aec2f59, com.mongodb.KotlinCodecProvider@7f72855d]}, loggerSettings=LoggerSettings{maxDocumentLength=1000}, clusterSettings={hosts=[127.0.0.1:27017], srvHost=gestortareas.q1wez.mongodb.net, srvServiceName=mongodb, mode=MULTIPLE, requiredClusterType=REPLICA_SET, requiredReplicaSetName='atlas-ua2fs3-shard-0', serverSelector='null', clusterListeners='[]', serverSelectionTimeout='30000 ms', localThreshold='15 ms'}, socketSettings=SocketSettings{connectTimeoutMS=10000, readTimeoutMS=0, receiveBufferSize=0, proxySettings=ProxySettings{host=null, port=null, username=null, password=null}}, heartbeatSocketSettings=SocketSettings{connectTimeoutMS=10000, readTimeoutMS=10000, receiveBufferSize=0, proxySettings=ProxySettings{host=null, port=null, username=null, password=null}}, connectionPoolSettings=ConnectionPoolSettings{maxSize=100, minSize=0, maxWaitTimeMS=120000, maxConnectionLifeTimeMS=0, maxConnectionIdleTimeMS=0, maintenanceInitialDelayMS=0, maintenanceFrequencyMS=60000, connectionPoolListeners=[io.micrometer.core.instrument.binder.mongodb.MongoMetricsConnectionPoolListener@13f358f8], maxConnecting=2}, serverSettings=ServerSettings{heartbeatFrequencyMS=10000, minHeartbeatFrequencyMS=500, serverListeners='[]', serverMonitorListeners='[]'}, sslSettings=SslSettings{enabled=true, invalidHostNameAllowed=false, context=null}, applicationName='GestorTareas', compressorList=[], uuidRepresentation=JAVA_LEGACY, serverApi=null, autoEncryptionSettings=null, dnsClient=null, inetAddressResolver=null, contextProvider=null}
2024-10-02T23:22:36.530-05:00  INFO 9712 --- [GestorTareasBackend] [wez.mongodb.net] org.mongodb.driver.cluster               : Adding discovered server gestortareas-shard-00-00.q1wez.mongodb.net:27017 to client view of cluster
2024-10-02T23:22:36.615-05:00  INFO 9712 --- [GestorTareasBackend] [wez.mongodb.net] org.mongodb.driver.cluster               : Adding discovered server gestortareas-shard-00-01.q1wez.mongodb.net:27017 to client view of cluster
2024-10-02T23:22:36.623-05:00  INFO 9712 --- [GestorTareasBackend] [wez.mongodb.net] org.mongodb.driver.cluster               : Adding discovered server gestortareas-shard-00-02.q1wez.mongodb.net:27017 to client view of cluster
2024-10-02T23:22:37.637-05:00  INFO 9712 --- [GestorTareasBackend] [ngodb.net:27017] org.mongodb.driver.cluster               : Monitor thread successfully connected to server with description ServerDescription{address=gestortareas-shard-00-00.q1wez.mongodb.net:27017, type=REPLICA_SET_SECONDARY, state=CONNECTED, ok=true, minWireVersion=0, maxWireVersion=21, maxDocumentSize=16777216, logicalSessionTimeoutMinutes=30, roundTripTimeNanos=512675700, setName='atlas-ua2fs3-shard-0', canonicalAddress=gestortareas-shard-00-00.q1wez.mongodb.net:27017, hosts=[gestortareas-shard-00-02.q1wez.mongodb.net:27017, gestortareas-shard-00-01.q1wez.mongodb.net:27017, gestortareas-shard-00-00.q1wez.mongodb.net:27017], passives=[], arbiters=[], primary='gestortareas-shard-00-02.q1wez.mongodb.net:27017', tagSet=TagSet{[Tag{name='diskState', value='READY'}, Tag{name='nodeType', value='ELECTABLE'}, Tag{name='provider', value='AZURE'}, Tag{name='region', value='US_EAST_2'}, Tag{name='workloadType', value='OPERATIONAL'}]}, electionId=null, setVersion=213, topologyVersion=TopologyVersion{processId=66fda7e67d8fe3ac0d9ef2cf, counter=5}, lastWriteDate=Wed Oct 02 23:22:38 COT 2024, lastUpdateTimeNanos=14311540050200}
2024-10-02T23:22:37.637-05:00  INFO 9712 --- [GestorTareasBackend] [ngodb.net:27017] org.mongodb.driver.cluster               : Monitor thread successfully connected to server with description ServerDescription{address=gestortareas-shard-00-02.q1wez.mongodb.net:27017, type=REPLICA_SET_PRIMARY, state=CONNECTED, ok=true, minWireVersion=0, maxWireVersion=21, maxDocumentSize=16777216, logicalSessionTimeoutMinutes=30, roundTripTimeNanos=515207800, setName='atlas-ua2fs3-shard-0', canonicalAddress=gestortareas-shard-00-02.q1wez.mongodb.net:27017, hosts=[gestortareas-shard-00-02.q1wez.mongodb.net:27017, gestortareas-shard-00-01.q1wez.mongodb.net:27017, gestortareas-shard-00-00.q1wez.mongodb.net:27017], passives=[], arbiters=[], primary='gestortareas-shard-00-02.q1wez.mongodb.net:27017', tagSet=TagSet{[Tag{name='diskState', value='READY'}, Tag{name='nodeType', value='ELECTABLE'}, Tag{name='provider', value='AZURE'}, Tag{name='region', value='US_EAST_2'}, Tag{name='workloadType', value='OPERATIONAL'}]}, electionId=7fffffff00000000000001d7, setVersion=213, topologyVersion=TopologyVersion{processId=66fda641c9e8c7e706a876fb, counter=9}, lastWriteDate=Wed Oct 02 23:22:38 COT 2024, lastUpdateTimeNanos=14311540050200}
2024-10-02T23:22:37.638-05:00  INFO 9712 --- [GestorTareasBackend] [ngodb.net:27017] org.mongodb.driver.cluster               : Monitor thread successfully connected to server with description ServerDescription{address=gestortareas-shard-00-01.q1wez.mongodb.net:27017, type=REPLICA_SET_SECONDARY, state=CONNECTED, ok=true, minWireVersion=0, maxWireVersion=21, maxDocumentSize=16777216, logicalSessionTimeoutMinutes=30, roundTripTimeNanos=515479500, setName='atlas-ua2fs3-shard-0', canonicalAddress=gestortareas-shard-00-01.q1wez.mongodb.net:27017, hosts=[gestortareas-shard-00-02.q1wez.mongodb.net:27017, gestortareas-shard-00-01.q1wez.mongodb.net:27017, gestortareas-shard-00-00.q1wez.mongodb.net:27017], passives=[], arbiters=[], primary='gestortareas-shard-00-02.q1wez.mongodb.net:27017', tagSet=TagSet{[Tag{name='diskState', value='READY'}, Tag{name='nodeType', value='ELECTABLE'}, Tag{name='provider', value='AZURE'}, Tag{name='region', value='US_EAST_2'}, Tag{name='workloadType', value='OPERATIONAL'}]}, electionId=null, setVersion=213, topologyVersion=TopologyVersion{processId=66fda9c2440d38eaa83b8e24, counter=5}, lastWriteDate=Wed Oct 02 23:22:38 COT 2024, lastUpdateTimeNanos=14311540050300}
2024-10-02T23:22:37.644-05:00  INFO 9712 --- [GestorTareasBackend] [ngodb.net:27017] org.mongodb.driver.cluster               : Discovered replica set primary gestortareas-shard-00-02.q1wez.mongodb.net:27017 with max election id 7fffffff00000000000001d7 and max set version 213
2024-10-02T23:22:38.748-05:00  INFO 9712 --- [GestorTareasBackend] [           main] o.s.b.a.e.web.EndpointLinksResolver      : Exposing 1 endpoint beneath base path '/actuator'
2024-10-02T23:22:38.848-05:00  INFO 9712 --- [GestorTareasBackend] [           main] .h.g.GestorTareasBackendApplicationTests : Started GestorTareasBackendApplicationTests in 6.088 seconds (process running for 8.813)
]]></system-out>
    <system-err><![CDATA[WARNING: A Java agent has been loaded dynamically (C:\Users\diego\.m2\repository\net\bytebuddy\byte-buddy-agent\1.14.19\byte-buddy-agent-1.14.19.jar)
WARNING: If a serviceability tool is in use, please run with -XX:+EnableDynamicAgentLoading to hide this warning
WARNING: If a serviceability tool is not in use, please run with -Djdk.instrument.traceUsage for more information
WARNING: Dynamic loading of agents will be disallowed by default in a future release
]]></system-err>
  </testcase>
</testsuite>